<?xml version="1.0" encoding="UTF-8"?>
<testng-results ignored="0" total="1" passed="1" failed="0" skipped="0">
  <reporter-output>
  </reporter-output>
  <suite started-at="2024-04-17T12:49:17 IST" name="Default suite" finished-at="2024-04-17T12:50:35 IST" duration-ms="78121">
    <groups>
    </groups>
    <test started-at="2024-04-17T12:49:17 IST" name="Default test" finished-at="2024-04-17T12:50:35 IST" duration-ms="78121">
      <class name="driversFactory.DriverScript">
        <test-method signature="Starttest()[pri:0, instance:driversFactory.DriverScript@52b1beb6]" started-at="2024-04-17T12:49:17 IST" name="Starttest" finished-at="2024-04-17T12:50:35 IST" duration-ms="78045" status="PASS">
          <reporter-output>
          </reporter-output>
        </test-method> <!-- Starttest -->
      </class> <!-- driversFactory.DriverScript -->
    </test> <!-- Default test -->
  </suite> <!-- Default suite -->
</testng-results>
